2025-09-01 10:01:55 INFO  Cache refreshed successfully [anomaly=false]
2025-09-01 10:03:28 ERROR Unable to reach authentication server [anomaly=true]
2025-09-01 10:05:02 WARN  Slow response time detected [anomaly=false]
2025-09-01 10:05:55 ERROR Data corruption detected [anomaly=true]
2025-09-01 10:06:47 INFO  Health check passed [anomaly=false]
2025-09-01 10:07:57 ERROR Data corruption detected [anomaly=true]
2025-09-01 10:09:27 WARN  Disk space running low [anomaly=false]
2025-09-01 10:10:30 ERROR Null pointer exception occurred [anomaly=true]
2025-09-01 10:10:40 WARN  Disk space running low [anomaly=false]
2025-09-01 10:11:55 ERROR Database connection failed [anomaly=true]
2025-09-01 10:12:31 WARN  Slow response time detected [anomaly=false]
2025-09-01 10:13:14 INFO  User logged in successfully [anomaly=false]
2025-09-01 10:14:29 INFO  Background job executed [anomaly=false]
2025-09-01 10:16:28 WARN  Unusual activity detected [anomaly=true]
2025-09-01 10:18:14 INFO  User logged in successfully [anomaly=false]
2025-09-01 10:19:14 INFO  Background job executed [anomaly=false]
2025-09-01 10:20:34 INFO  Request processed successfully [anomaly=false]
2025-09-01 10:22:14 ERROR Null pointer exception occurred [anomaly=true]
2025-09-01 10:22:27 WARN  Slow response time detected [anomaly=false]
2025-09-01 10:23:21 ERROR Database connection failed [anomaly=true]
2025-09-01 10:24:05 INFO  Background job executed [anomaly=false]
2025-09-01 10:25:33 ERROR Data corruption detected [anomaly=true]
2025-09-01 10:26:37 INFO  Health check passed [anomaly=false]
2025-09-01 10:28:21 WARN  Disk space running low [anomaly=false]
2025-09-01 10:29:37 ERROR Unable to reach authentication server [anomaly=true]
2025-09-01 10:30:02 WARN  SYSTEM MELTDOWN [anomaly=true]
2025-09-01 10:30:48 ERROR Database connection failed [anomaly=true]
2025-09-01 10:31:28 INFO  User logged in successfully [anomaly=false]
2025-09-01 10:33:13 WARN  Unusual activity detected [anomaly=true]
2025-09-01 10:35:04 INFO  Request processed successfully [anomaly=false]
2025-09-01 10:36:01 INFO  Background job executed [anomaly=false]
2025-09-01 10:37:51 ERROR Null pointer exception occurred [anomaly=true]
2025-09-01 10:39:03 ERROR Data corruption detected [anomaly=true]
2025-09-01 10:39:55 INFO  Health check passed [anomaly=false]
2025-09-01 10:40:20 WARN  SYSTEM MELTDOWN [anomaly=true]
2025-09-01 10:42:20 ERROR Database connection failed [anomaly=true]
2025-09-01 10:43:32 WARN  Unusual activity detected [anomaly=true]
2025-09-01 10:45:14 WARN  Unusual activity detected [anomaly=true]
2025-09-01 10:46:30 ERROR Application crashed unexpectedly [anomaly=true]
2025-09-01 10:48:19 WARN  Memory usage is high [anomaly=false]
2025-09-01 10:49:15 WARN  Slow response time detected [anomaly=false]
2025-09-01 10:50:13 ERROR Data corruption detected [anomaly=true]
2025-09-01 10:50:36 INFO  Request processed successfully [anomaly=false]
2025-09-01 10:51:13 INFO  Background job executed [anomaly=false]
2025-09-01 10:51:49 ERROR Database connection failed [anomaly=true]
2025-09-01 10:53:24 INFO  Background job executed [anomaly=false]
2025-09-01 10:53:53 WARN  Disk space running low [anomaly=false]
2025-09-01 10:54:17 ERROR Data corruption detected [anomaly=true]
2025-09-01 10:54:51 ERROR Null pointer exception occurred [anomaly=true]
2025-09-01 10:55:17 INFO  Background job executed [anomaly=false]
2025-09-01 10:56:19 INFO  Health check passed [anomaly=false]
2025-09-01 10:58:03 WARN  Memory usage is high [anomaly=false]
2025-09-01 10:58:53 ERROR Data corruption detected [anomaly=true]
2025-09-01 10:59:07 ERROR Unable to reach authentication server [anomaly=true]
2025-09-01 11:00:03 ERROR Unable to reach authentication server [anomaly=true]
2025-09-01 11:00:28 ERROR Database connection failed [anomaly=true]
2025-09-01 11:01:25 INFO  Cache refreshed successfully [anomaly=false]
2025-09-01 11:02:30 ERROR Database connection failed [anomaly=true]
2025-09-01 11:04:20 WARN  Slow response time detected [anomaly=false]
2025-09-01 11:04:48 ERROR Null pointer exception occurred [anomaly=true]
2025-09-01 11:06:03 WARN  Disk space running low [anomaly=false]
2025-09-01 11:07:04 INFO  User logged in successfully [anomaly=false]
2025-09-01 11:07:23 ERROR Data corruption detected [anomaly=true]
2025-09-01 11:08:05 INFO  User logged in successfully [anomaly=false]
2025-09-01 11:08:26 ERROR Data corruption detected [anomaly=true]
2025-09-01 11:08:53 ERROR Database connection failed [anomaly=true]
2025-09-01 11:10:07 ERROR Null pointer exception occurred [anomaly=true]
2025-09-01 11:11:25 INFO  Cache refreshed successfully [anomaly=false]
2025-09-01 11:11:51 INFO  Cache refreshed successfully [anomaly=false]
2025-09-01 11:12:48 INFO  Background job executed [anomaly=false]
2025-09-01 11:13:24 ERROR Database connection failed [anomaly=true]
2025-09-01 11:13:45 ERROR Data corruption detected [anomaly=true]
2025-09-01 11:15:09 ERROR Unable to reach authentication server [anomaly=true]
2025-09-01 11:16:58 INFO  Cache refreshed successfully [anomaly=false]
2025-09-01 11:18:30 WARN  Unusual activity detected [anomaly=true]
2025-09-01 11:19:45 INFO  Health check passed [anomaly=false]
2025-09-01 11:20:42 ERROR Null pointer exception occurred [anomaly=true]
2025-09-01 11:21:24 INFO  User logged in successfully [anomaly=false]
2025-09-01 11:22:43 INFO  Background job executed [anomaly=false]
2025-09-01 11:24:31 ERROR Data corruption detected [anomaly=true]
2025-09-01 11:24:51 INFO  Request processed successfully [anomaly=false]
2025-09-01 11:26:47 WARN  Disk space running low [anomaly=false]
2025-09-01 11:28:10 WARN  Unusual activity detected [anomaly=true]
2025-09-01 11:29:33 WARN  Unusual activity detected [anomaly=true]
2025-09-01 11:30:17 ERROR Null pointer exception occurred [anomaly=true]
2025-09-01 11:31:18 INFO  Background job executed [anomaly=false]
2025-09-01 11:31:39 ERROR Data corruption detected [anomaly=true]
2025-09-01 11:32:34 ERROR Unable to reach authentication server [anomaly=true]
2025-09-01 11:33:44 WARN  Slow response time detected [anomaly=false]
2025-09-01 11:34:58 INFO  Health check passed [anomaly=false]
2025-09-01 11:36:35 WARN  Slow response time detected [anomaly=false]
2025-09-01 11:38:18 ERROR Database connection failed [anomaly=true]
2025-09-01 11:39:34 ERROR Data corruption detected [anomaly=true]
2025-09-01 11:40:16 INFO  Cache refreshed successfully [anomaly=false]
2025-09-01 11:41:26 INFO  User logged in successfully [anomaly=false]
2025-09-01 11:43:08 WARN  Slow response time detected [anomaly=false]
2025-09-01 11:43:42 ERROR Unable to reach authentication server [anomaly=true]
2025-09-01 11:44:37 INFO  Cache refreshed successfully [anomaly=false]
2025-09-01 11:44:54 WARN  Disk space running low [anomaly=false]
2025-09-01 11:46:25 INFO  Health check passed [anomaly=false]
